# JRE version: OpenJDK Runtime Environment Temurin-17.0.14+7 (17.0.14+7) (build 17.0.14+7)
# Java VM: OpenJDK 64-Bit Server VM Temurin-17.0.14+7 (17.0.14+7, mixed mode, sharing, tiered, compressed oops, compressed class ptrs, g1 gc, windows-amd64)
GC Precious Log:
 CPUs: 12 total, 12 available
 Memory: 7893M
 Large Page Support: Disabled
 NUMA Support: Disabled
 Compressed Oops: Enabled (32-bit)
 Heap Region Size: 1M
 Heap Min Capacity: 8M
 Heap Initial Capacity: 124M
 Heap Max Capacity: 1974M
 Pre-touch: Disabled
 Parallel Workers: 10
 Concurrent Workers: 3
 Concurrent Refinement Workers: 10
 Periodic GC: Disabled
Heap:
 garbage-first heap   total 78848K, used 41459K [0x0000000084a00000, 0x0000000100000000)
  region size 1024K, 18 young (18432K), 2 survivors (2048K)
 Metaspace       used 31234K, committed 31616K, reserved 1114112K
  class space    used 4163K, committed 4352K, reserved 1048576K
GC Heap History (12 events):
Event: 0.559 GC heap before
{Heap before GC invocations=0 (full 0):
 garbage-first heap   total 126976K, used 24576K [0x0000000084a00000, 0x0000000100000000)
  region size 1024K, 23 young (23552K), 0 survivors (0K)
 Metaspace       used 1882K, committed 2048K, reserved 1114112K
  class space    used 150K, committed 192K, reserved 1048576K
}
Event: 0.566 GC heap after
{Heap after GC invocations=1 (full 0):
 garbage-first heap   total 126976K, used 14128K [0x0000000084a00000, 0x0000000100000000)
  region size 1024K, 3 young (3072K), 3 survivors (3072K)
 Metaspace       used 1882K, committed 2048K, reserved 1114112K
  class space    used 150K, committed 192K, reserved 1048576K
}
Event: 0.958 GC heap before
{Heap before GC invocations=1 (full 0):
 garbage-first heap   total 126976K, used 33584K [0x0000000084a00000, 0x0000000100000000)
  region size 1024K, 22 young (22528K), 3 survivors (3072K)
 Metaspace       used 4797K, committed 4928K, reserved 1114112K
  class space    used 539K, committed 576K, reserved 1048576K
}
Event: 0.963 GC heap after
{Heap after GC invocations=2 (full 0):
 garbage-first heap   total 126976K, used 15153K [0x0000000084a00000, 0x0000000100000000)
  region size 1024K, 1 young (1024K), 1 survivors (1024K)
 Metaspace       used 4797K, committed 4928K, reserved 1114112K
  class space    used 539K, committed 576K, reserved 1048576K
}
Event: 2.042 GC heap before
{Heap before GC invocations=2 (full 0):
 garbage-first heap   total 126976K, used 56113K [0x0000000084a00000, 0x0000000100000000)
  region size 1024K, 42 young (43008K), 1 survivors (1024K)
 Metaspace       used 12393K, committed 12672K, reserved 1114112K
  class space    used 1700K, committed 1792K, reserved 1048576K
}
Event: 2.049 GC heap after
{Heap after GC invocations=3 (full 0):
 garbage-first heap   total 126976K, used 17405K [0x0000000084a00000, 0x0000000100000000)
  region size 1024K, 4 young (4096K), 4 survivors (4096K)
 Metaspace       used 12393K, committed 12672K, reserved 1114112K
  class space    used 1700K, committed 1792K, reserved 1048576K
}
Event: 4.081 GC heap before
{Heap before GC invocations=3 (full 0):
 garbage-first heap   total 126976K, used 77821K [0x0000000084a00000, 0x0000000100000000)
  region size 1024K, 64 young (65536K), 4 survivors (4096K)
 Metaspace       used 21141K, committed 21504K, reserved 1114112K
  class space    used 2683K, committed 2880K, reserved 1048576K
}
Event: 4.099 GC heap after
{Heap after GC invocations=4 (full 0):
 garbage-first heap   total 126976K, used 22180K [0x0000000084a00000, 0x0000000100000000)
  region size 1024K, 8 young (8192K), 8 survivors (8192K)
 Metaspace       used 21141K, committed 21504K, reserved 1114112K
  class space    used 2683K, committed 2880K, reserved 1048576K
}
Event: 7.334 GC heap before
{Heap before GC invocations=5 (full 0):
 garbage-first heap   total 78848K, used 61092K [0x0000000084a00000, 0x0000000100000000)
  region size 1024K, 46 young (47104K), 8 survivors (8192K)
 Metaspace       used 25465K, committed 25856K, reserved 1114112K
  class space    used 3243K, committed 3456K, reserved 1048576K
}
Event: 7.350 GC heap after
{Heap after GC invocations=6 (full 0):
 garbage-first heap   total 78848K, used 24256K [0x0000000084a00000, 0x0000000100000000)
  region size 1024K, 3 young (3072K), 3 survivors (3072K)
 Metaspace       used 25465K, committed 25856K, reserved 1114112K
  class space    used 3243K, committed 3456K, reserved 1048576K
}
Event: 8.609 GC heap before
{Heap before GC invocations=6 (full 0):
 garbage-first heap   total 78848K, used 53952K [0x0000000084a00000, 0x0000000100000000)
  region size 1024K, 32 young (32768K), 3 survivors (3072K)
 Metaspace       used 28930K, committed 29376K, reserved 1114112K
  class space    used 3769K, committed 3968K, reserved 1048576K
}
Event: 8.619 GC heap after
{Heap after GC invocations=7 (full 0):
 garbage-first heap   total 78848K, used 26099K [0x0000000084a00000, 0x0000000100000000)
  region size 1024K, 2 young (2048K), 2 survivors (2048K)
 Metaspace       used 28930K, committed 29376K, reserved 1114112K
  class space    used 3769K, committed 3968K, reserved 1048576K
}

