# JRE version: OpenJDK Runtime Environment Temurin-21.0.8+9 (21.0.8+9) (build 21.0.8+9-LTS)
# Java VM: OpenJDK 64-Bit Server VM Temurin-21.0.8+9 (21.0.8+9-LTS, mixed mode, sharing, tiered, compressed oops, compressed class ptrs, parallel gc, windows-amd64)
GC Precious Log:
 CardTable entry size: 512
 CPUs: 12 total, 12 available
 Memory: 7893M
 Large Page Support: Disabled
 NUMA Support: Disabled
 Compressed Oops: Enabled (32-bit)
 Alignments: Space 512K, Generation 512K, Heap 2M
 Heap Min Capacity: 100M
 Heap Initial Capacity: 100M
 Heap Max Capacity: 2G
 Pre-touch: Disabled
 Parallel Workers: 10
Heap:
 PSYoungGen      total 16896K, used 3203K [0x00000000d5580000, 0x00000000d6980000, 0x0000000100000000)
  eden space 13312K, 1% used [0x00000000d5580000,0x00000000d55c1670,0x00000000d6280000)
  from space 3584K, 82% used [0x00000000d6600000,0x00000000d68df750,0x00000000d6980000)
  to   space 3584K, 0% used [0x00000000d6280000,0x00000000d6280000,0x00000000d6600000)
 ParOldGen       total 68608K, used 57421K [0x0000000080000000, 0x0000000084300000, 0x00000000d5580000)
  object space 68608K, 83% used [0x0000000080000000,0x0000000083813528,0x0000000084300000)
 Metaspace       used 47836K, committed 49024K, reserved 1114112K
  class space    used 5153K, committed 5696K, reserved 1048576K
GC Heap History (20 events):
Event: 22.265 GC heap before
{Heap before GC invocations=23 (full 2):
 PSYoungGen      total 23040K, used 23011K [0x00000000d5580000, 0x00000000d7700000, 0x0000000100000000)
  eden space 19456K, 100% used [0x00000000d5580000,0x00000000d6880000,0x00000000d6880000)
  from space 3584K, 99% used [0x00000000d6e80000,0x00000000d71f8d30,0x00000000d7200000)
  to   space 6144K, 0% used [0x00000000d6880000,0x00000000d6880000,0x00000000d6e80000)
 ParOldGen       total 68608K, used 26941K [0x0000000080000000, 0x0000000084300000, 0x00000000d5580000)
  object space 68608K, 39% used [0x0000000080000000,0x0000000081a4f580,0x0000000084300000)
 Metaspace       used 45153K, committed 46336K, reserved 1114112K
  class space    used 4830K, committed 5376K, reserved 1048576K
}
Event: 22.268 GC heap after
{Heap after GC invocations=23 (full 2):
 PSYoungGen      total 22528K, used 2919K [0x00000000d5580000, 0x00000000d7080000, 0x0000000100000000)
  eden space 19456K, 0% used [0x00000000d5580000,0x00000000d5580000,0x00000000d6880000)
  from space 3072K, 95% used [0x00000000d6880000,0x00000000d6b59fb8,0x00000000d6b80000)
  to   space 4096K, 0% used [0x00000000d6c80000,0x00000000d6c80000,0x00000000d7080000)
 ParOldGen       total 68608K, used 30440K [0x0000000080000000, 0x0000000084300000, 0x00000000d5580000)
  object space 68608K, 44% used [0x0000000080000000,0x0000000081dba258,0x0000000084300000)
 Metaspace       used 45153K, committed 46336K, reserved 1114112K
  class space    used 4830K, committed 5376K, reserved 1048576K
}
Event: 22.322 GC heap before
{Heap before GC invocations=24 (full 2):
 PSYoungGen      total 22528K, used 22375K [0x00000000d5580000, 0x00000000d7080000, 0x0000000100000000)
  eden space 19456K, 100% used [0x00000000d5580000,0x00000000d6880000,0x00000000d6880000)
  from space 3072K, 95% used [0x00000000d6880000,0x00000000d6b59fb8,0x00000000d6b80000)
  to   space 4096K, 0% used [0x00000000d6c80000,0x00000000d6c80000,0x00000000d7080000)
 ParOldGen       total 68608K, used 30440K [0x0000000080000000, 0x0000000084300000, 0x00000000d5580000)
  object space 68608K, 44% used [0x0000000080000000,0x0000000081dba258,0x0000000084300000)
 Metaspace       used 45601K, committed 46848K, reserved 1114112K
  class space    used 4892K, committed 5440K, reserved 1048576K
}
Event: 22.326 GC heap after
{Heap after GC invocations=24 (full 2):
 PSYoungGen      total 23040K, used 3324K [0x00000000d5580000, 0x00000000d7000000, 0x0000000100000000)
  eden space 19456K, 0% used [0x00000000d5580000,0x00000000d5580000,0x00000000d6880000)
  from space 3584K, 92% used [0x00000000d6c80000,0x00000000d6fbf258,0x00000000d7000000)
  to   space 3584K, 0% used [0x00000000d6900000,0x00000000d6900000,0x00000000d6c80000)
 ParOldGen       total 68608K, used 33178K [0x0000000080000000, 0x0000000084300000, 0x00000000d5580000)
  object space 68608K, 48% used [0x0000000080000000,0x0000000082066870,0x0000000084300000)
 Metaspace       used 45601K, committed 46848K, reserved 1114112K
  class space    used 4892K, committed 5440K, reserved 1048576K
}
Event: 22.368 GC heap before
{Heap before GC invocations=25 (full 2):
 PSYoungGen      total 23040K, used 22780K [0x00000000d5580000, 0x00000000d7000000, 0x0000000100000000)
  eden space 19456K, 100% used [0x00000000d5580000,0x00000000d6880000,0x00000000d6880000)
  from space 3584K, 92% used [0x00000000d6c80000,0x00000000d6fbf258,0x00000000d7000000)
  to   space 3584K, 0% used [0x00000000d6900000,0x00000000d6900000,0x00000000d6c80000)
 ParOldGen       total 68608K, used 33178K [0x0000000080000000, 0x0000000084300000, 0x00000000d5580000)
  object space 68608K, 48% used [0x0000000080000000,0x0000000082066870,0x0000000084300000)
 Metaspace       used 45794K, committed 47040K, reserved 1114112K
  class space    used 4922K, committed 5440K, reserved 1048576K
}
Event: 22.372 GC heap after
{Heap after GC invocations=25 (full 2):
 PSYoungGen      total 22528K, used 2896K [0x00000000d5580000, 0x00000000d6e80000, 0x0000000100000000)
  eden space 19456K, 0% used [0x00000000d5580000,0x00000000d5580000,0x00000000d6880000)
  from space 3072K, 94% used [0x00000000d6900000,0x00000000d6bd42e8,0x00000000d6c00000)
  to   space 2560K, 0% used [0x00000000d6c00000,0x00000000d6c00000,0x00000000d6e80000)
 ParOldGen       total 68608K, used 36331K [0x0000000080000000, 0x0000000084300000, 0x00000000d5580000)
  object space 68608K, 52% used [0x0000000080000000,0x000000008237af98,0x0000000084300000)
 Metaspace       used 45794K, committed 47040K, reserved 1114112K
  class space    used 4922K, committed 5440K, reserved 1048576K
}
Event: 22.416 GC heap before
{Heap before GC invocations=26 (full 2):
 PSYoungGen      total 22528K, used 22352K [0x00000000d5580000, 0x00000000d6e80000, 0x0000000100000000)
  eden space 19456K, 100% used [0x00000000d5580000,0x00000000d6880000,0x00000000d6880000)
  from space 3072K, 94% used [0x00000000d6900000,0x00000000d6bd42e8,0x00000000d6c00000)
  to   space 2560K, 0% used [0x00000000d6c00000,0x00000000d6c00000,0x00000000d6e80000)
 ParOldGen       total 68608K, used 36331K [0x0000000080000000, 0x0000000084300000, 0x00000000d5580000)
  object space 68608K, 52% used [0x0000000080000000,0x000000008237af98,0x0000000084300000)
 Metaspace       used 45949K, committed 47168K, reserved 1114112K
  class space    used 4945K, committed 5504K, reserved 1048576K
}
Event: 22.419 GC heap after
{Heap after GC invocations=26 (full 2):
 PSYoungGen      total 19456K, used 2539K [0x00000000d5580000, 0x00000000d7480000, 0x0000000100000000)
  eden space 16896K, 0% used [0x00000000d5580000,0x00000000d5580000,0x00000000d6600000)
  from space 2560K, 99% used [0x00000000d6c00000,0x00000000d6e7af70,0x00000000d6e80000)
  to   space 6144K, 0% used [0x00000000d6600000,0x00000000d6600000,0x00000000d6c00000)
 ParOldGen       total 68608K, used 39246K [0x0000000080000000, 0x0000000084300000, 0x00000000d5580000)
  object space 68608K, 57% used [0x0000000080000000,0x0000000082653838,0x0000000084300000)
 Metaspace       used 45949K, committed 47168K, reserved 1114112K
  class space    used 4945K, committed 5504K, reserved 1048576K
}
Event: 22.453 GC heap before
{Heap before GC invocations=27 (full 2):
 PSYoungGen      total 19456K, used 19435K [0x00000000d5580000, 0x00000000d7480000, 0x0000000100000000)
  eden space 16896K, 100% used [0x00000000d5580000,0x00000000d6600000,0x00000000d6600000)
  from space 2560K, 99% used [0x00000000d6c00000,0x00000000d6e7af70,0x00000000d6e80000)
  to   space 6144K, 0% used [0x00000000d6600000,0x00000000d6600000,0x00000000d6c00000)
 ParOldGen       total 68608K, used 39246K [0x0000000080000000, 0x0000000084300000, 0x00000000d5580000)
  object space 68608K, 57% used [0x0000000080000000,0x0000000082653838,0x0000000084300000)
 Metaspace       used 46065K, committed 47296K, reserved 1114112K
  class space    used 4962K, committed 5504K, reserved 1048576K
}
Event: 22.456 GC heap after
{Heap after GC invocations=27 (full 2):
 PSYoungGen      total 19456K, used 2393K [0x00000000d5580000, 0x00000000d6d00000, 0x0000000100000000)
  eden space 16896K, 0% used [0x00000000d5580000,0x00000000d5580000,0x00000000d6600000)
  from space 2560K, 93% used [0x00000000d6600000,0x00000000d68566f0,0x00000000d6880000)
  to   space 3584K, 0% used [0x00000000d6980000,0x00000000d6980000,0x00000000d6d00000)
 ParOldGen       total 68608K, used 41679K [0x0000000080000000, 0x0000000084300000, 0x00000000d5580000)
  object space 68608K, 60% used [0x0000000080000000,0x00000000828b3f20,0x0000000084300000)
 Metaspace       used 46065K, committed 47296K, reserved 1114112K
  class space    used 4962K, committed 5504K, reserved 1048576K
}
Event: 22.508 GC heap before
{Heap before GC invocations=28 (full 2):
 PSYoungGen      total 19456K, used 19289K [0x00000000d5580000, 0x00000000d6d00000, 0x0000000100000000)
  eden space 16896K, 100% used [0x00000000d5580000,0x00000000d6600000,0x00000000d6600000)
  from space 2560K, 93% used [0x00000000d6600000,0x00000000d68566f0,0x00000000d6880000)
  to   space 3584K, 0% used [0x00000000d6980000,0x00000000d6980000,0x00000000d6d00000)
 ParOldGen       total 68608K, used 41679K [0x0000000080000000, 0x0000000084300000, 0x00000000d5580000)
  object space 68608K, 60% used [0x0000000080000000,0x00000000828b3f20,0x0000000084300000)
 Metaspace       used 46148K, committed 47360K, reserved 1114112K
  class space    used 4974K, committed 5504K, reserved 1048576K
}
Event: 22.512 GC heap after
{Heap after GC invocations=28 (full 2):
 PSYoungGen      total 19456K, used 2107K [0x00000000d5580000, 0x00000000d6c00000, 0x0000000100000000)
  eden space 16896K, 0% used [0x00000000d5580000,0x00000000d5580000,0x00000000d6600000)
  from space 2560K, 82% used [0x00000000d6980000,0x00000000d6b8ec88,0x00000000d6c00000)
  to   space 2560K, 0% used [0x00000000d6600000,0x00000000d6600000,0x00000000d6880000)
 ParOldGen       total 68608K, used 43896K [0x0000000080000000, 0x0000000084300000, 0x00000000d5580000)
  object space 68608K, 63% used [0x0000000080000000,0x0000000082ade010,0x0000000084300000)
 Metaspace       used 46148K, committed 47360K, reserved 1114112K
  class space    used 4974K, committed 5504K, reserved 1048576K
}
Event: 22.563 GC heap before
{Heap before GC invocations=29 (full 2):
 PSYoungGen      total 19456K, used 19003K [0x00000000d5580000, 0x00000000d6c00000, 0x0000000100000000)
  eden space 16896K, 100% used [0x00000000d5580000,0x00000000d6600000,0x00000000d6600000)
  from space 2560K, 82% used [0x00000000d6980000,0x00000000d6b8ec88,0x00000000d6c00000)
  to   space 2560K, 0% used [0x00000000d6600000,0x00000000d6600000,0x00000000d6880000)
 ParOldGen       total 68608K, used 43896K [0x0000000080000000, 0x0000000084300000, 0x00000000d5580000)
  object space 68608K, 63% used [0x0000000080000000,0x0000000082ade010,0x0000000084300000)
 Metaspace       used 46368K, committed 47616K, reserved 1114112K
  class space    used 5009K, committed 5568K, reserved 1048576K
}
Event: 22.567 GC heap after
{Heap after GC invocations=29 (full 2):
 PSYoungGen      total 19456K, used 2362K [0x00000000d5580000, 0x00000000d6b00000, 0x0000000100000000)
  eden space 16896K, 0% used [0x00000000d5580000,0x00000000d5580000,0x00000000d6600000)
  from space 2560K, 92% used [0x00000000d6600000,0x00000000d684eaf0,0x00000000d6880000)
  to   space 2560K, 0% used [0x00000000d6880000,0x00000000d6880000,0x00000000d6b00000)
 ParOldGen       total 68608K, used 45713K [0x0000000080000000, 0x0000000084300000, 0x00000000d5580000)
  object space 68608K, 66% used [0x0000000080000000,0x0000000082ca4520,0x0000000084300000)
 Metaspace       used 46368K, committed 47616K, reserved 1114112K
  class space    used 5009K, committed 5568K, reserved 1048576K
}
Event: 22.614 GC heap before
{Heap before GC invocations=30 (full 2):
 PSYoungGen      total 19456K, used 19258K [0x00000000d5580000, 0x00000000d6b00000, 0x0000000100000000)
  eden space 16896K, 100% used [0x00000000d5580000,0x00000000d6600000,0x00000000d6600000)
  from space 2560K, 92% used [0x00000000d6600000,0x00000000d684eaf0,0x00000000d6880000)
  to   space 2560K, 0% used [0x00000000d6880000,0x00000000d6880000,0x00000000d6b00000)
 ParOldGen       total 68608K, used 45713K [0x0000000080000000, 0x0000000084300000, 0x00000000d5580000)
  object space 68608K, 66% used [0x0000000080000000,0x0000000082ca4520,0x0000000084300000)
 Metaspace       used 46525K, committed 47744K, reserved 1114112K
  class space    used 5027K, committed 5568K, reserved 1048576K
}
Event: 22.617 GC heap after
{Heap after GC invocations=30 (full 2):
 PSYoungGen      total 19456K, used 2058K [0x00000000d5580000, 0x00000000d6b00000, 0x0000000100000000)
  eden space 16896K, 0% used [0x00000000d5580000,0x00000000d5580000,0x00000000d6600000)
  from space 2560K, 80% used [0x00000000d6880000,0x00000000d6a82b08,0x00000000d6b00000)
  to   space 2560K, 0% used [0x00000000d6600000,0x00000000d6600000,0x00000000d6880000)
 ParOldGen       total 68608K, used 47918K [0x0000000080000000, 0x0000000084300000, 0x00000000d5580000)
  object space 68608K, 69% used [0x0000000080000000,0x0000000082ecbbc8,0x0000000084300000)
 Metaspace       used 46525K, committed 47744K, reserved 1114112K
  class space    used 5027K, committed 5568K, reserved 1048576K
}
Event: 22.653 GC heap before
{Heap before GC invocations=31 (full 2):
 PSYoungGen      total 19456K, used 18954K [0x00000000d5580000, 0x00000000d6b00000, 0x0000000100000000)
  eden space 16896K, 100% used [0x00000000d5580000,0x00000000d6600000,0x00000000d6600000)
  from space 2560K, 80% used [0x00000000d6880000,0x00000000d6a82b08,0x00000000d6b00000)
  to   space 2560K, 0% used [0x00000000d6600000,0x00000000d6600000,0x00000000d6880000)
 ParOldGen       total 68608K, used 47918K [0x0000000080000000, 0x0000000084300000, 0x00000000d5580000)
  object space 68608K, 69% used [0x0000000080000000,0x0000000082ecbbc8,0x0000000084300000)
 Metaspace       used 46669K, committed 47872K, reserved 1114112K
  class space    used 5038K, committed 5568K, reserved 1048576K
}
Event: 22.656 GC heap after
{Heap after GC invocations=31 (full 2):
 PSYoungGen      total 19456K, used 2169K [0x00000000d5580000, 0x00000000d6b00000, 0x0000000100000000)
  eden space 16896K, 0% used [0x00000000d5580000,0x00000000d5580000,0x00000000d6600000)
  from space 2560K, 84% used [0x00000000d6600000,0x00000000d681e7a8,0x00000000d6880000)
  to   space 2560K, 0% used [0x00000000d6880000,0x00000000d6880000,0x00000000d6b00000)
 ParOldGen       total 68608K, used 49789K [0x0000000080000000, 0x0000000084300000, 0x00000000d5580000)
  object space 68608K, 72% used [0x0000000080000000,0x000000008309f660,0x0000000084300000)
 Metaspace       used 46669K, committed 47872K, reserved 1114112K
  class space    used 5038K, committed 5568K, reserved 1048576K
}
Event: 22.722 GC heap before
{Heap before GC invocations=32 (full 2):
 PSYoungGen      total 19456K, used 19065K [0x00000000d5580000, 0x00000000d6b00000, 0x0000000100000000)
  eden space 16896K, 100% used [0x00000000d5580000,0x00000000d6600000,0x00000000d6600000)
  from space 2560K, 84% used [0x00000000d6600000,0x00000000d681e7a8,0x00000000d6880000)
  to   space 2560K, 0% used [0x00000000d6880000,0x00000000d6880000,0x00000000d6b00000)
 ParOldGen       total 68608K, used 49789K [0x0000000080000000, 0x0000000084300000, 0x00000000d5580000)
  object space 68608K, 72% used [0x0000000080000000,0x000000008309f660,0x0000000084300000)
 Metaspace       used 47075K, committed 48256K, reserved 1114112K
  class space    used 5082K, committed 5632K, reserved 1048576K
}
Event: 22.726 GC heap after
{Heap after GC invocations=32 (full 2):
 PSYoungGen      total 15872K, used 2536K [0x00000000d5580000, 0x00000000d7200000, 0x0000000100000000)
  eden space 13312K, 0% used [0x00000000d5580000,0x00000000d5580000,0x00000000d6280000)
  from space 2560K, 99% used [0x00000000d6880000,0x00000000d6afa040,0x00000000d6b00000)
  to   space 6144K, 0% used [0x00000000d6280000,0x00000000d6280000,0x00000000d6880000)
 ParOldGen       total 68608K, used 52698K [0x0000000080000000, 0x0000000084300000, 0x00000000d5580000)
  object space 68608K, 76% used [0x0000000080000000,0x0000000083376870,0x0000000084300000)
 Metaspace       used 47075K, committed 48256K, reserved 1114112K
  class space    used 5082K, committed 5632K, reserved 1048576K
}

