# JRE version: OpenJDK Runtime Environment Temurin-21.0.8+9 (21.0.8+9) (build 21.0.8+9-LTS)
# Java VM: OpenJDK 64-Bit Server VM Temurin-21.0.8+9 (21.0.8+9-LTS, mixed mode, sharing, tiered, compressed oops, compressed class ptrs, parallel gc, windows-amd64)
GC Precious Log:
 CardTable entry size: 512
 CPUs: 12 total, 12 available
 Memory: 7893M
 Large Page Support: Disabled
 NUMA Support: Disabled
 Compressed Oops: Enabled (32-bit)
 Alignments: Space 512K, Generation 512K, Heap 2M
 Heap Min Capacity: 100M
 Heap Initial Capacity: 100M
 Heap Max Capacity: 2G
 Pre-touch: Disabled
 Parallel Workers: 10
Heap:
 PSYoungGen      total 5120K, used 1490K [0x00000000d5580000, 0x00000000d5b80000, 0x0000000100000000)
  eden space 4608K, 27% used [0x00000000d5580000,0x00000000d56bc948,0x00000000d5a00000)
  from space 512K, 43% used [0x00000000d5b00000,0x00000000d5b38000,0x00000000d5b80000)
  to   space 512K, 0% used [0x00000000d5a80000,0x00000000d5a80000,0x00000000d5b00000)
 ParOldGen       total 826880K, used 170535K [0x0000000080000000, 0x00000000b2780000, 0x00000000d5580000)
  object space 826880K, 20% used [0x0000000080000000,0x000000008a689dd0,0x00000000b2780000)
 Metaspace       used 89272K, committed 91648K, reserved 1179648K
  class space    used 9025K, committed 9984K, reserved 1048576K
GC Heap History (20 events):
Event: 12831.735 GC heap before
{Heap before GC invocations=2866 (full 5):
 PSYoungGen      total 5632K, used 5193K [0x00000000d5580000, 0x00000000d5c00000, 0x0000000100000000)
  eden space 4608K, 100% used [0x00000000d5580000,0x00000000d5a00000,0x00000000d5a00000)
  from space 1024K, 57% used [0x00000000d5b00000,0x00000000d5b92400,0x00000000d5c00000)
  to   space 1024K, 0% used [0x00000000d5a00000,0x00000000d5a00000,0x00000000d5b00000)
 ParOldGen       total 826880K, used 167013K [0x0000000080000000, 0x00000000b2780000, 0x00000000d5580000)
  object space 826880K, 20% used [0x0000000080000000,0x000000008a3194f0,0x00000000b2780000)
 Metaspace       used 89251K, committed 91648K, reserved 1179648K
  class space    used 9025K, committed 9984K, reserved 1048576K
}
Event: 12831.736 GC heap after
{Heap after GC invocations=2866 (full 5):
 PSYoungGen      total 5632K, used 640K [0x00000000d5580000, 0x00000000d5c00000, 0x0000000100000000)
  eden space 4608K, 0% used [0x00000000d5580000,0x00000000d5580000,0x00000000d5a00000)
  from space 1024K, 62% used [0x00000000d5a00000,0x00000000d5aa0000,0x00000000d5b00000)
  to   space 1024K, 0% used [0x00000000d5b00000,0x00000000d5b00000,0x00000000d5c00000)
 ParOldGen       total 826880K, used 167472K [0x0000000080000000, 0x00000000b2780000, 0x00000000d5580000)
  object space 826880K, 20% used [0x0000000080000000,0x000000008a38c348,0x00000000b2780000)
 Metaspace       used 89251K, committed 91648K, reserved 1179648K
  class space    used 9025K, committed 9984K, reserved 1048576K
}
Event: 12831.764 GC heap before
{Heap before GC invocations=2867 (full 5):
 PSYoungGen      total 5632K, used 5248K [0x00000000d5580000, 0x00000000d5c00000, 0x0000000100000000)
  eden space 4608K, 100% used [0x00000000d5580000,0x00000000d5a00000,0x00000000d5a00000)
  from space 1024K, 62% used [0x00000000d5a00000,0x00000000d5aa0000,0x00000000d5b00000)
  to   space 1024K, 0% used [0x00000000d5b00000,0x00000000d5b00000,0x00000000d5c00000)
 ParOldGen       total 826880K, used 167472K [0x0000000080000000, 0x00000000b2780000, 0x00000000d5580000)
  object space 826880K, 20% used [0x0000000080000000,0x000000008a38c348,0x00000000b2780000)
 Metaspace       used 89252K, committed 91648K, reserved 1179648K
  class space    used 9025K, committed 9984K, reserved 1048576K
}
Event: 12831.765 GC heap after
{Heap after GC invocations=2867 (full 5):
 PSYoungGen      total 5120K, used 425K [0x00000000d5580000, 0x00000000d5b80000, 0x0000000100000000)
  eden space 4608K, 0% used [0x00000000d5580000,0x00000000d5580000,0x00000000d5a00000)
  from space 512K, 83% used [0x00000000d5b00000,0x00000000d5b6a400,0x00000000d5b80000)
  to   space 512K, 0% used [0x00000000d5a80000,0x00000000d5a80000,0x00000000d5b00000)
 ParOldGen       total 826880K, used 168028K [0x0000000080000000, 0x00000000b2780000, 0x00000000d5580000)
  object space 826880K, 20% used [0x0000000080000000,0x000000008a417358,0x00000000b2780000)
 Metaspace       used 89252K, committed 91648K, reserved 1179648K
  class space    used 9025K, committed 9984K, reserved 1048576K
}
Event: 12831.777 GC heap before
{Heap before GC invocations=2868 (full 5):
 PSYoungGen      total 5120K, used 5033K [0x00000000d5580000, 0x00000000d5b80000, 0x0000000100000000)
  eden space 4608K, 100% used [0x00000000d5580000,0x00000000d5a00000,0x00000000d5a00000)
  from space 512K, 83% used [0x00000000d5b00000,0x00000000d5b6a400,0x00000000d5b80000)
  to   space 512K, 0% used [0x00000000d5a80000,0x00000000d5a80000,0x00000000d5b00000)
 ParOldGen       total 826880K, used 168028K [0x0000000080000000, 0x00000000b2780000, 0x00000000d5580000)
  object space 826880K, 20% used [0x0000000080000000,0x000000008a417358,0x00000000b2780000)
 Metaspace       used 89254K, committed 91648K, reserved 1179648K
  class space    used 9025K, committed 9984K, reserved 1048576K
}
Event: 12831.779 GC heap after
{Heap after GC invocations=2868 (full 5):
 PSYoungGen      total 5120K, used 512K [0x00000000d5580000, 0x00000000d5c00000, 0x0000000100000000)
  eden space 4608K, 0% used [0x00000000d5580000,0x00000000d5580000,0x00000000d5a00000)
  from space 512K, 100% used [0x00000000d5a80000,0x00000000d5b00000,0x00000000d5b00000)
  to   space 1024K, 0% used [0x00000000d5b00000,0x00000000d5b00000,0x00000000d5c00000)
 ParOldGen       total 826880K, used 168301K [0x0000000080000000, 0x00000000b2780000, 0x00000000d5580000)
  object space 826880K, 20% used [0x0000000080000000,0x000000008a45b758,0x00000000b2780000)
 Metaspace       used 89254K, committed 91648K, reserved 1179648K
  class space    used 9025K, committed 9984K, reserved 1048576K
}
Event: 12831.852 GC heap before
{Heap before GC invocations=2869 (full 5):
 PSYoungGen      total 5120K, used 5120K [0x00000000d5580000, 0x00000000d5c00000, 0x0000000100000000)
  eden space 4608K, 100% used [0x00000000d5580000,0x00000000d5a00000,0x00000000d5a00000)
  from space 512K, 100% used [0x00000000d5a80000,0x00000000d5b00000,0x00000000d5b00000)
  to   space 1024K, 0% used [0x00000000d5b00000,0x00000000d5b00000,0x00000000d5c00000)
 ParOldGen       total 826880K, used 168301K [0x0000000080000000, 0x00000000b2780000, 0x00000000d5580000)
  object space 826880K, 20% used [0x0000000080000000,0x000000008a45b758,0x00000000b2780000)
 Metaspace       used 89254K, committed 91648K, reserved 1179648K
  class space    used 9025K, committed 9984K, reserved 1048576K
}
Event: 12831.854 GC heap after
{Heap after GC invocations=2869 (full 5):
 PSYoungGen      total 5632K, used 681K [0x00000000d5580000, 0x00000000d5c00000, 0x0000000100000000)
  eden space 4608K, 0% used [0x00000000d5580000,0x00000000d5580000,0x00000000d5a00000)
  from space 1024K, 66% used [0x00000000d5b00000,0x00000000d5baa400,0x00000000d5c00000)
  to   space 1024K, 0% used [0x00000000d5a00000,0x00000000d5a00000,0x00000000d5b00000)
 ParOldGen       total 826880K, used 168773K [0x0000000080000000, 0x00000000b2780000, 0x00000000d5580000)
  object space 826880K, 20% used [0x0000000080000000,0x000000008a4d1778,0x00000000b2780000)
 Metaspace       used 89254K, committed 91648K, reserved 1179648K
  class space    used 9025K, committed 9984K, reserved 1048576K
}
Event: 12831.862 GC heap before
{Heap before GC invocations=2870 (full 5):
 PSYoungGen      total 5632K, used 5289K [0x00000000d5580000, 0x00000000d5c00000, 0x0000000100000000)
  eden space 4608K, 100% used [0x00000000d5580000,0x00000000d5a00000,0x00000000d5a00000)
  from space 1024K, 66% used [0x00000000d5b00000,0x00000000d5baa400,0x00000000d5c00000)
  to   space 1024K, 0% used [0x00000000d5a00000,0x00000000d5a00000,0x00000000d5b00000)
 ParOldGen       total 826880K, used 168773K [0x0000000080000000, 0x00000000b2780000, 0x00000000d5580000)
  object space 826880K, 20% used [0x0000000080000000,0x000000008a4d1778,0x00000000b2780000)
 Metaspace       used 89254K, committed 91648K, reserved 1179648K
  class space    used 9025K, committed 9984K, reserved 1048576K
}
Event: 12831.864 GC heap after
{Heap after GC invocations=2870 (full 5):
 PSYoungGen      total 5632K, used 521K [0x00000000d5580000, 0x00000000d5c00000, 0x0000000100000000)
  eden space 4608K, 0% used [0x00000000d5580000,0x00000000d5580000,0x00000000d5a00000)
  from space 1024K, 50% used [0x00000000d5a00000,0x00000000d5a82400,0x00000000d5b00000)
  to   space 1024K, 0% used [0x00000000d5b00000,0x00000000d5b00000,0x00000000d5c00000)
 ParOldGen       total 826880K, used 169309K [0x0000000080000000, 0x00000000b2780000, 0x00000000d5580000)
  object space 826880K, 20% used [0x0000000080000000,0x000000008a557400,0x00000000b2780000)
 Metaspace       used 89254K, committed 91648K, reserved 1179648K
  class space    used 9025K, committed 9984K, reserved 1048576K
}
Event: 12831.869 GC heap before
{Heap before GC invocations=2871 (full 5):
 PSYoungGen      total 5632K, used 5129K [0x00000000d5580000, 0x00000000d5c00000, 0x0000000100000000)
  eden space 4608K, 100% used [0x00000000d5580000,0x00000000d5a00000,0x00000000d5a00000)
  from space 1024K, 50% used [0x00000000d5a00000,0x00000000d5a82400,0x00000000d5b00000)
  to   space 1024K, 0% used [0x00000000d5b00000,0x00000000d5b00000,0x00000000d5c00000)
 ParOldGen       total 826880K, used 169309K [0x0000000080000000, 0x00000000b2780000, 0x00000000d5580000)
  object space 826880K, 20% used [0x0000000080000000,0x000000008a557400,0x00000000b2780000)
 Metaspace       used 89254K, committed 91648K, reserved 1179648K
  class space    used 9025K, committed 9984K, reserved 1048576K
}
Event: 12831.871 GC heap after
{Heap after GC invocations=2871 (full 5):
 PSYoungGen      total 5632K, used 768K [0x00000000d5580000, 0x00000000d5c00000, 0x0000000100000000)
  eden space 4608K, 0% used [0x00000000d5580000,0x00000000d5580000,0x00000000d5a00000)
  from space 1024K, 75% used [0x00000000d5b00000,0x00000000d5bc0000,0x00000000d5c00000)
  to   space 1024K, 0% used [0x00000000d5a00000,0x00000000d5a00000,0x00000000d5b00000)
 ParOldGen       total 826880K, used 169698K [0x0000000080000000, 0x00000000b2780000, 0x00000000d5580000)
  object space 826880K, 20% used [0x0000000080000000,0x000000008a5b8ad8,0x00000000b2780000)
 Metaspace       used 89254K, committed 91648K, reserved 1179648K
  class space    used 9025K, committed 9984K, reserved 1048576K
}
Event: 12832.213 GC heap before
{Heap before GC invocations=2872 (full 5):
 PSYoungGen      total 5632K, used 5376K [0x00000000d5580000, 0x00000000d5c00000, 0x0000000100000000)
  eden space 4608K, 100% used [0x00000000d5580000,0x00000000d5a00000,0x00000000d5a00000)
  from space 1024K, 75% used [0x00000000d5b00000,0x00000000d5bc0000,0x00000000d5c00000)
  to   space 1024K, 0% used [0x00000000d5a00000,0x00000000d5a00000,0x00000000d5b00000)
 ParOldGen       total 826880K, used 169698K [0x0000000080000000, 0x00000000b2780000, 0x00000000d5580000)
  object space 826880K, 20% used [0x0000000080000000,0x000000008a5b8ad8,0x00000000b2780000)
 Metaspace       used 89264K, committed 91648K, reserved 1179648K
  class space    used 9025K, committed 9984K, reserved 1048576K
}
Event: 12832.214 GC heap after
{Heap after GC invocations=2872 (full 5):
 PSYoungGen      total 5632K, used 384K [0x00000000d5580000, 0x00000000d5c00000, 0x0000000100000000)
  eden space 4608K, 0% used [0x00000000d5580000,0x00000000d5580000,0x00000000d5a00000)
  from space 1024K, 37% used [0x00000000d5a00000,0x00000000d5a60000,0x00000000d5b00000)
  to   space 1024K, 0% used [0x00000000d5b00000,0x00000000d5b00000,0x00000000d5c00000)
 ParOldGen       total 826880K, used 170254K [0x0000000080000000, 0x00000000b2780000, 0x00000000d5580000)
  object space 826880K, 20% used [0x0000000080000000,0x000000008a643ae8,0x00000000b2780000)
 Metaspace       used 89264K, committed 91648K, reserved 1179648K
  class space    used 9025K, committed 9984K, reserved 1048576K
}
Event: 15099.299 GC heap before
{Heap before GC invocations=2873 (full 5):
 PSYoungGen      total 5632K, used 4991K [0x00000000d5580000, 0x00000000d5c00000, 0x0000000100000000)
  eden space 4608K, 99% used [0x00000000d5580000,0x00000000d59fffe8,0x00000000d5a00000)
  from space 1024K, 37% used [0x00000000d5a00000,0x00000000d5a60000,0x00000000d5b00000)
  to   space 1024K, 0% used [0x00000000d5b00000,0x00000000d5b00000,0x00000000d5c00000)
 ParOldGen       total 826880K, used 170254K [0x0000000080000000, 0x00000000b2780000, 0x00000000d5580000)
  object space 826880K, 20% used [0x0000000080000000,0x000000008a643ae8,0x00000000b2780000)
 Metaspace       used 89267K, committed 91648K, reserved 1179648K
  class space    used 9025K, committed 9984K, reserved 1048576K
}
Event: 15099.465 GC heap after
{Heap after GC invocations=2873 (full 5):
 PSYoungGen      total 5120K, used 288K [0x00000000d5580000, 0x00000000d5b80000, 0x0000000100000000)
  eden space 4608K, 0% used [0x00000000d5580000,0x00000000d5580000,0x00000000d5a00000)
  from space 512K, 56% used [0x00000000d5b00000,0x00000000d5b48000,0x00000000d5b80000)
  to   space 512K, 0% used [0x00000000d5a80000,0x00000000d5a80000,0x00000000d5b00000)
 ParOldGen       total 826880K, used 170487K [0x0000000080000000, 0x00000000b2780000, 0x00000000d5580000)
  object space 826880K, 20% used [0x0000000080000000,0x000000008a67ddd0,0x00000000b2780000)
 Metaspace       used 89267K, committed 91648K, reserved 1179648K
  class space    used 9025K, committed 9984K, reserved 1048576K
}
Event: 15423.586 GC heap before
{Heap before GC invocations=2874 (full 5):
 PSYoungGen      total 5120K, used 4896K [0x00000000d5580000, 0x00000000d5b80000, 0x0000000100000000)
  eden space 4608K, 100% used [0x00000000d5580000,0x00000000d5a00000,0x00000000d5a00000)
  from space 512K, 56% used [0x00000000d5b00000,0x00000000d5b48000,0x00000000d5b80000)
  to   space 512K, 0% used [0x00000000d5a80000,0x00000000d5a80000,0x00000000d5b00000)
 ParOldGen       total 826880K, used 170487K [0x0000000080000000, 0x00000000b2780000, 0x00000000d5580000)
  object space 826880K, 20% used [0x0000000080000000,0x000000008a67ddd0,0x00000000b2780000)
 Metaspace       used 89267K, committed 91648K, reserved 1179648K
  class space    used 9025K, committed 9984K, reserved 1048576K
}
Event: 15423.654 GC heap after
{Heap after GC invocations=2874 (full 5):
 PSYoungGen      total 5120K, used 224K [0x00000000d5580000, 0x00000000d5b80000, 0x0000000100000000)
  eden space 4608K, 0% used [0x00000000d5580000,0x00000000d5580000,0x00000000d5a00000)
  from space 512K, 43% used [0x00000000d5a80000,0x00000000d5ab8000,0x00000000d5b00000)
  to   space 512K, 0% used [0x00000000d5b00000,0x00000000d5b00000,0x00000000d5b80000)
 ParOldGen       total 826880K, used 170519K [0x0000000080000000, 0x00000000b2780000, 0x00000000d5580000)
  object space 826880K, 20% used [0x0000000080000000,0x000000008a685dd0,0x00000000b2780000)
 Metaspace       used 89267K, committed 91648K, reserved 1179648K
  class space    used 9025K, committed 9984K, reserved 1048576K
}
Event: 17437.354 GC heap before
{Heap before GC invocations=2875 (full 5):
 PSYoungGen      total 5120K, used 4832K [0x00000000d5580000, 0x00000000d5b80000, 0x0000000100000000)
  eden space 4608K, 100% used [0x00000000d5580000,0x00000000d5a00000,0x00000000d5a00000)
  from space 512K, 43% used [0x00000000d5a80000,0x00000000d5ab8000,0x00000000d5b00000)
  to   space 512K, 0% used [0x00000000d5b00000,0x00000000d5b00000,0x00000000d5b80000)
 ParOldGen       total 826880K, used 170519K [0x0000000080000000, 0x00000000b2780000, 0x00000000d5580000)
  object space 826880K, 20% used [0x0000000080000000,0x000000008a685dd0,0x00000000b2780000)
 Metaspace       used 89272K, committed 91648K, reserved 1179648K
  class space    used 9025K, committed 9984K, reserved 1048576K
}
Event: 17437.427 GC heap after
{Heap after GC invocations=2875 (full 5):
 PSYoungGen      total 5120K, used 224K [0x00000000d5580000, 0x00000000d5b80000, 0x0000000100000000)
  eden space 4608K, 0% used [0x00000000d5580000,0x00000000d5580000,0x00000000d5a00000)
  from space 512K, 43% used [0x00000000d5b00000,0x00000000d5b38000,0x00000000d5b80000)
  to   space 512K, 0% used [0x00000000d5a80000,0x00000000d5a80000,0x00000000d5b00000)
 ParOldGen       total 826880K, used 170535K [0x0000000080000000, 0x00000000b2780000, 0x00000000d5580000)
  object space 826880K, 20% used [0x0000000080000000,0x000000008a689dd0,0x00000000b2780000)
 Metaspace       used 89272K, committed 91648K, reserved 1179648K
  class space    used 9025K, committed 9984K, reserved 1048576K
}

