# JRE version: OpenJDK Runtime Environment Temurin-21.0.7+6 (21.0.7+6) (build 21.0.7+6-LTS)
# Java VM: OpenJDK 64-Bit Server VM Temurin-21.0.7+6 (21.0.7+6-LTS, mixed mode, sharing, tiered, compressed oops, compressed class ptrs, parallel gc, windows-amd64)
GC Precious Log:
 CardTable entry size: 512
 CPUs: 12 total, 12 available
 Memory: 7893M
 Large Page Support: Disabled
 NUMA Support: Disabled
 Compressed Oops: Enabled (32-bit)
 Alignments: Space 512K, Generation 512K, Heap 2M
 Heap Min Capacity: 100M
 Heap Initial Capacity: 100M
 Heap Max Capacity: 2G
 Pre-touch: Disabled
 Parallel Workers: 10
Heap:
 PSYoungGen      total 6144K, used 5797K [0x00000000d5580000, 0x00000000d5d00000, 0x0000000100000000)
  eden space 4608K, 100% used [0x00000000d5580000,0x00000000d5a00000,0x00000000d5a00000)
  from space 1536K, 77% used [0x00000000d5a00000,0x00000000d5b297c8,0x00000000d5b80000)
  to   space 1536K, 18% used [0x00000000d5b80000,0x00000000d5bc8000,0x00000000d5d00000)
 ParOldGen       total 158720K, used 158714K [0x0000000080000000, 0x0000000089b00000, 0x00000000d5580000)
  object space 158720K, 99% used [0x0000000080000000,0x0000000089afe868,0x0000000089b00000)
 Metaspace       used 47762K, committed 49088K, reserved 1114112K
  class space    used 5052K, committed 5632K, reserved 1048576K
GC Heap History (20 events):
Event: 36.033 GC heap after
{Heap after GC invocations=88 (full 2):
 PSYoungGen      total 6144K, used 1267K [0x00000000d5580000, 0x00000000d5d00000, 0x0000000100000000)
  eden space 4608K, 0% used [0x00000000d5580000,0x00000000d5580000,0x00000000d5a00000)
  from space 1536K, 82% used [0x00000000d5b80000,0x00000000d5cbcca0,0x00000000d5d00000)
  to   space 1536K, 0% used [0x00000000d5a00000,0x00000000d5a00000,0x00000000d5b80000)
 ParOldGen       total 148992K, used 148689K [0x0000000080000000, 0x0000000089180000, 0x00000000d5580000)
  object space 148992K, 99% used [0x0000000080000000,0x0000000089134428,0x0000000089180000)
 Metaspace       used 47762K, committed 49088K, reserved 1114112K
  class space    used 5052K, committed 5632K, reserved 1048576K
}
Event: 36.061 GC heap before
{Heap before GC invocations=89 (full 2):
 PSYoungGen      total 6144K, used 5875K [0x00000000d5580000, 0x00000000d5d00000, 0x0000000100000000)
  eden space 4608K, 100% used [0x00000000d5580000,0x00000000d5a00000,0x00000000d5a00000)
  from space 1536K, 82% used [0x00000000d5b80000,0x00000000d5cbcca0,0x00000000d5d00000)
  to   space 1536K, 0% used [0x00000000d5a00000,0x00000000d5a00000,0x00000000d5b80000)
 ParOldGen       total 148992K, used 148689K [0x0000000080000000, 0x0000000089180000, 0x00000000d5580000)
  object space 148992K, 99% used [0x0000000080000000,0x0000000089134428,0x0000000089180000)
 Metaspace       used 47762K, committed 49088K, reserved 1114112K
  class space    used 5052K, committed 5632K, reserved 1048576K
}
Event: 36.063 GC heap after
{Heap after GC invocations=89 (full 2):
 PSYoungGen      total 6144K, used 1224K [0x00000000d5580000, 0x00000000d5d00000, 0x0000000100000000)
  eden space 4608K, 0% used [0x00000000d5580000,0x00000000d5580000,0x00000000d5a00000)
  from space 1536K, 79% used [0x00000000d5a00000,0x00000000d5b323f8,0x00000000d5b80000)
  to   space 1536K, 0% used [0x00000000d5b80000,0x00000000d5b80000,0x00000000d5d00000)
 ParOldGen       total 150016K, used 149785K [0x0000000080000000, 0x0000000089280000, 0x00000000d5580000)
  object space 150016K, 99% used [0x0000000080000000,0x00000000892467e0,0x0000000089280000)
 Metaspace       used 47762K, committed 49088K, reserved 1114112K
  class space    used 5052K, committed 5632K, reserved 1048576K
}
Event: 36.088 GC heap before
{Heap before GC invocations=90 (full 2):
 PSYoungGen      total 6144K, used 5832K [0x00000000d5580000, 0x00000000d5d00000, 0x0000000100000000)
  eden space 4608K, 100% used [0x00000000d5580000,0x00000000d5a00000,0x00000000d5a00000)
  from space 1536K, 79% used [0x00000000d5a00000,0x00000000d5b323f8,0x00000000d5b80000)
  to   space 1536K, 0% used [0x00000000d5b80000,0x00000000d5b80000,0x00000000d5d00000)
 ParOldGen       total 150016K, used 149785K [0x0000000080000000, 0x0000000089280000, 0x00000000d5580000)
  object space 150016K, 99% used [0x0000000080000000,0x00000000892467e0,0x0000000089280000)
 Metaspace       used 47762K, committed 49088K, reserved 1114112K
  class space    used 5052K, committed 5632K, reserved 1048576K
}
Event: 36.090 GC heap after
{Heap after GC invocations=90 (full 2):
 PSYoungGen      total 6144K, used 1202K [0x00000000d5580000, 0x00000000d5d00000, 0x0000000100000000)
  eden space 4608K, 0% used [0x00000000d5580000,0x00000000d5580000,0x00000000d5a00000)
  from space 1536K, 78% used [0x00000000d5b80000,0x00000000d5cac8b8,0x00000000d5d00000)
  to   space 1536K, 0% used [0x00000000d5a00000,0x00000000d5a00000,0x00000000d5b80000)
 ParOldGen       total 151040K, used 150885K [0x0000000080000000, 0x0000000089380000, 0x00000000d5580000)
  object space 151040K, 99% used [0x0000000080000000,0x0000000089359620,0x0000000089380000)
 Metaspace       used 47762K, committed 49088K, reserved 1114112K
  class space    used 5052K, committed 5632K, reserved 1048576K
}
Event: 36.128 GC heap before
{Heap before GC invocations=91 (full 2):
 PSYoungGen      total 6144K, used 5801K [0x00000000d5580000, 0x00000000d5d00000, 0x0000000100000000)
  eden space 4608K, 99% used [0x00000000d5580000,0x00000000d59fdd40,0x00000000d5a00000)
  from space 1536K, 78% used [0x00000000d5b80000,0x00000000d5cac8b8,0x00000000d5d00000)
  to   space 1536K, 0% used [0x00000000d5a00000,0x00000000d5a00000,0x00000000d5b80000)
 ParOldGen       total 151040K, used 150885K [0x0000000080000000, 0x0000000089380000, 0x00000000d5580000)
  object space 151040K, 99% used [0x0000000080000000,0x0000000089359620,0x0000000089380000)
 Metaspace       used 47762K, committed 49088K, reserved 1114112K
  class space    used 5052K, committed 5632K, reserved 1048576K
}
Event: 36.130 GC heap after
{Heap after GC invocations=91 (full 2):
 PSYoungGen      total 6144K, used 1207K [0x00000000d5580000, 0x00000000d5d00000, 0x0000000100000000)
  eden space 4608K, 0% used [0x00000000d5580000,0x00000000d5580000,0x00000000d5a00000)
  from space 1536K, 78% used [0x00000000d5a00000,0x00000000d5b2dfd0,0x00000000d5b80000)
  to   space 1536K, 0% used [0x00000000d5b80000,0x00000000d5b80000,0x00000000d5d00000)
 ParOldGen       total 152064K, used 151973K [0x0000000080000000, 0x0000000089480000, 0x00000000d5580000)
  object space 152064K, 99% used [0x0000000080000000,0x0000000089469648,0x0000000089480000)
 Metaspace       used 47762K, committed 49088K, reserved 1114112K
  class space    used 5052K, committed 5632K, reserved 1048576K
}
Event: 36.156 GC heap before
{Heap before GC invocations=92 (full 2):
 PSYoungGen      total 6144K, used 5815K [0x00000000d5580000, 0x00000000d5d00000, 0x0000000100000000)
  eden space 4608K, 100% used [0x00000000d5580000,0x00000000d5a00000,0x00000000d5a00000)
  from space 1536K, 78% used [0x00000000d5a00000,0x00000000d5b2dfd0,0x00000000d5b80000)
  to   space 1536K, 0% used [0x00000000d5b80000,0x00000000d5b80000,0x00000000d5d00000)
 ParOldGen       total 152064K, used 151973K [0x0000000080000000, 0x0000000089480000, 0x00000000d5580000)
  object space 152064K, 99% used [0x0000000080000000,0x0000000089469648,0x0000000089480000)
 Metaspace       used 47762K, committed 49088K, reserved 1114112K
  class space    used 5052K, committed 5632K, reserved 1048576K
}
Event: 36.158 GC heap after
{Heap after GC invocations=92 (full 2):
 PSYoungGen      total 6144K, used 1233K [0x00000000d5580000, 0x00000000d5d00000, 0x0000000100000000)
  eden space 4608K, 0% used [0x00000000d5580000,0x00000000d5580000,0x00000000d5a00000)
  from space 1536K, 80% used [0x00000000d5b80000,0x00000000d5cb45e8,0x00000000d5d00000)
  to   space 1536K, 0% used [0x00000000d5a00000,0x00000000d5a00000,0x00000000d5b80000)
 ParOldGen       total 153088K, used 153041K [0x0000000080000000, 0x0000000089580000, 0x00000000d5580000)
  object space 153088K, 99% used [0x0000000080000000,0x0000000089574710,0x0000000089580000)
 Metaspace       used 47762K, committed 49088K, reserved 1114112K
  class space    used 5052K, committed 5632K, reserved 1048576K
}
Event: 36.185 GC heap before
{Heap before GC invocations=93 (full 2):
 PSYoungGen      total 6144K, used 5841K [0x00000000d5580000, 0x00000000d5d00000, 0x0000000100000000)
  eden space 4608K, 100% used [0x00000000d5580000,0x00000000d5a00000,0x00000000d5a00000)
  from space 1536K, 80% used [0x00000000d5b80000,0x00000000d5cb45e8,0x00000000d5d00000)
  to   space 1536K, 0% used [0x00000000d5a00000,0x00000000d5a00000,0x00000000d5b80000)
 ParOldGen       total 153088K, used 153041K [0x0000000080000000, 0x0000000089580000, 0x00000000d5580000)
  object space 153088K, 99% used [0x0000000080000000,0x0000000089574710,0x0000000089580000)
 Metaspace       used 47762K, committed 49088K, reserved 1114112K
  class space    used 5052K, committed 5632K, reserved 1048576K
}
Event: 36.187 GC heap after
{Heap after GC invocations=93 (full 2):
 PSYoungGen      total 6144K, used 1360K [0x00000000d5580000, 0x00000000d5d00000, 0x0000000100000000)
  eden space 4608K, 0% used [0x00000000d5580000,0x00000000d5580000,0x00000000d5a00000)
  from space 1536K, 88% used [0x00000000d5a00000,0x00000000d5b541f8,0x00000000d5b80000)
  to   space 1536K, 0% used [0x00000000d5b80000,0x00000000d5b80000,0x00000000d5d00000)
 ParOldGen       total 154624K, used 154142K [0x0000000080000000, 0x0000000089700000, 0x00000000d5580000)
  object space 154624K, 99% used [0x0000000080000000,0x0000000089687bf0,0x0000000089700000)
 Metaspace       used 47762K, committed 49088K, reserved 1114112K
  class space    used 5052K, committed 5632K, reserved 1048576K
}
Event: 36.223 GC heap before
{Heap before GC invocations=94 (full 2):
 PSYoungGen      total 6144K, used 5968K [0x00000000d5580000, 0x00000000d5d00000, 0x0000000100000000)
  eden space 4608K, 100% used [0x00000000d5580000,0x00000000d5a00000,0x00000000d5a00000)
  from space 1536K, 88% used [0x00000000d5a00000,0x00000000d5b541f8,0x00000000d5b80000)
  to   space 1536K, 0% used [0x00000000d5b80000,0x00000000d5b80000,0x00000000d5d00000)
 ParOldGen       total 154624K, used 154142K [0x0000000080000000, 0x0000000089700000, 0x00000000d5580000)
  object space 154624K, 99% used [0x0000000080000000,0x0000000089687bf0,0x0000000089700000)
 Metaspace       used 47762K, committed 49088K, reserved 1114112K
  class space    used 5052K, committed 5632K, reserved 1048576K
}
Event: 38.226 GC heap after
{Heap after GC invocations=94 (full 2):
 PSYoungGen      total 6144K, used 1307K [0x00000000d5580000, 0x00000000d5e00000, 0x0000000100000000)
  eden space 4608K, 0% used [0x00000000d5580000,0x00000000d5580000,0x00000000d5a00000)
  from space 1536K, 85% used [0x00000000d5b80000,0x00000000d5cc6ce0,0x00000000d5d00000)
  to   space 1536K, 0% used [0x00000000d5a00000,0x00000000d5a00000,0x00000000d5b80000)
 ParOldGen       total 155648K, used 155369K [0x0000000080000000, 0x0000000089800000, 0x00000000d5580000)
  object space 155648K, 99% used [0x0000000080000000,0x00000000897ba420,0x0000000089800000)
 Metaspace       used 47762K, committed 49088K, reserved 1114112K
  class space    used 5052K, committed 5632K, reserved 1048576K
}
Event: 38.258 GC heap before
{Heap before GC invocations=95 (full 2):
 PSYoungGen      total 6144K, used 5915K [0x00000000d5580000, 0x00000000d5e00000, 0x0000000100000000)
  eden space 4608K, 100% used [0x00000000d5580000,0x00000000d5a00000,0x00000000d5a00000)
  from space 1536K, 85% used [0x00000000d5b80000,0x00000000d5cc6ce0,0x00000000d5d00000)
  to   space 1536K, 0% used [0x00000000d5a00000,0x00000000d5a00000,0x00000000d5b80000)
 ParOldGen       total 155648K, used 155369K [0x0000000080000000, 0x0000000089800000, 0x00000000d5580000)
  object space 155648K, 99% used [0x0000000080000000,0x00000000897ba420,0x0000000089800000)
 Metaspace       used 47762K, committed 49088K, reserved 1114112K
  class space    used 5052K, committed 5632K, reserved 1048576K
}
Event: 38.260 GC heap after
{Heap after GC invocations=95 (full 2):
 PSYoungGen      total 6144K, used 1305K [0x00000000d5580000, 0x00000000d5e00000, 0x0000000100000000)
  eden space 4608K, 0% used [0x00000000d5580000,0x00000000d5580000,0x00000000d5a00000)
  from space 1536K, 84% used [0x00000000d5a00000,0x00000000d5b46640,0x00000000d5b80000)
  to   space 1536K, 0% used [0x00000000d5c80000,0x00000000d5c80000,0x00000000d5e00000)
 ParOldGen       total 156672K, used 156513K [0x0000000080000000, 0x0000000089900000, 0x00000000d5580000)
  object space 156672K, 99% used [0x0000000080000000,0x00000000898d8728,0x0000000089900000)
 Metaspace       used 47762K, committed 49088K, reserved 1114112K
  class space    used 5052K, committed 5632K, reserved 1048576K
}
Event: 38.275 GC heap before
{Heap before GC invocations=96 (full 2):
 PSYoungGen      total 6144K, used 5913K [0x00000000d5580000, 0x00000000d5e00000, 0x0000000100000000)
  eden space 4608K, 100% used [0x00000000d5580000,0x00000000d5a00000,0x00000000d5a00000)
  from space 1536K, 84% used [0x00000000d5a00000,0x00000000d5b46640,0x00000000d5b80000)
  to   space 1536K, 0% used [0x00000000d5c80000,0x00000000d5c80000,0x00000000d5e00000)
 ParOldGen       total 156672K, used 156513K [0x0000000080000000, 0x0000000089900000, 0x00000000d5580000)
  object space 156672K, 99% used [0x0000000080000000,0x00000000898d8728,0x0000000089900000)
 Metaspace       used 47762K, committed 49088K, reserved 1114112K
  class space    used 5052K, committed 5632K, reserved 1048576K
}
Event: 38.276 GC heap after
{Heap after GC invocations=96 (full 2):
 PSYoungGen      total 6144K, used 1184K [0x00000000d5580000, 0x00000000d5e00000, 0x0000000100000000)
  eden space 4608K, 0% used [0x00000000d5580000,0x00000000d5580000,0x00000000d5a00000)
  from space 1536K, 77% used [0x00000000d5c80000,0x00000000d5da8208,0x00000000d5e00000)
  to   space 1536K, 0% used [0x00000000d5a00000,0x00000000d5a00000,0x00000000d5b80000)
 ParOldGen       total 157696K, used 157589K [0x0000000080000000, 0x0000000089a00000, 0x00000000d5580000)
  object space 157696K, 99% used [0x0000000080000000,0x00000000899e5650,0x0000000089a00000)
 Metaspace       used 47762K, committed 49088K, reserved 1114112K
  class space    used 5052K, committed 5632K, reserved 1048576K
}
Event: 38.291 GC heap before
{Heap before GC invocations=97 (full 2):
 PSYoungGen      total 6144K, used 5792K [0x00000000d5580000, 0x00000000d5e00000, 0x0000000100000000)
  eden space 4608K, 100% used [0x00000000d5580000,0x00000000d5a00000,0x00000000d5a00000)
  from space 1536K, 77% used [0x00000000d5c80000,0x00000000d5da8208,0x00000000d5e00000)
  to   space 1536K, 0% used [0x00000000d5a00000,0x00000000d5a00000,0x00000000d5b80000)
 ParOldGen       total 157696K, used 157589K [0x0000000080000000, 0x0000000089a00000, 0x00000000d5580000)
  object space 157696K, 99% used [0x0000000080000000,0x00000000899e5650,0x0000000089a00000)
 Metaspace       used 47762K, committed 49088K, reserved 1114112K
  class space    used 5052K, committed 5632K, reserved 1048576K
}
Event: 38.293 GC heap after
{Heap after GC invocations=97 (full 2):
 PSYoungGen      total 6144K, used 1189K [0x00000000d5580000, 0x00000000d5d00000, 0x0000000100000000)
  eden space 4608K, 0% used [0x00000000d5580000,0x00000000d5580000,0x00000000d5a00000)
  from space 1536K, 77% used [0x00000000d5a00000,0x00000000d5b297c8,0x00000000d5b80000)
  to   space 1536K, 0% used [0x00000000d5b80000,0x00000000d5b80000,0x00000000d5d00000)
 ParOldGen       total 158720K, used 158650K [0x0000000080000000, 0x0000000089b00000, 0x00000000d5580000)
  object space 158720K, 99% used [0x0000000080000000,0x0000000089aee868,0x0000000089b00000)
 Metaspace       used 47762K, committed 49088K, reserved 1114112K
  class space    used 5052K, committed 5632K, reserved 1048576K
}
Event: 38.308 GC heap before
{Heap before GC invocations=98 (full 2):
 PSYoungGen      total 6144K, used 5797K [0x00000000d5580000, 0x00000000d5d00000, 0x0000000100000000)
  eden space 4608K, 100% used [0x00000000d5580000,0x00000000d5a00000,0x00000000d5a00000)
  from space 1536K, 77% used [0x00000000d5a00000,0x00000000d5b297c8,0x00000000d5b80000)
  to   space 1536K, 0% used [0x00000000d5b80000,0x00000000d5b80000,0x00000000d5d00000)
 ParOldGen       total 158720K, used 158650K [0x0000000080000000, 0x0000000089b00000, 0x00000000d5580000)
  object space 158720K, 99% used [0x0000000080000000,0x0000000089aee868,0x0000000089b00000)
 Metaspace       used 47762K, committed 49088K, reserved 1114112K
  class space    used 5052K, committed 5632K, reserved 1048576K
}

